Arguments: 
  /usr/local/bin/node /Users/josh/.yarn/bin/yarn.js add lodash

PATH: 
  /Users/josh/.yarn/bin:/Users/josh/.config/yarn/global/node_modules/.bin:/usr/local/bin:/usr/bin:/bin:/usr/sbin:/sbin:/Library/Apple/usr/bin:/Users/josh/.yarn/bin:/Users/josh/.config/yarn/global/node_modules/.bin

Yarn version: 
  1.22.5

Node version: 
  14.17.3

Platform: 
  darwin x64

Trace: 
  SyntaxError: /Users/josh/Desktop/sites/local/joshuacurtis/wp-content/themes/joshuacurtis.dev/package.json: Unexpected token } in JSON at position 237
      at JSON.parse (<anonymous>)
      at /Users/josh/.yarn/lib/cli.js:1625:59
      at Generator.next (<anonymous>)
      at step (/Users/josh/.yarn/lib/cli.js:310:30)
      at /Users/josh/.yarn/lib/cli.js:321:13

npm manifest: 
  {
    "name": "Joshuacurtis",
    "version": "1.0.0",
    "description": "My bespoke theme",
    "main": "index.js",
    "repository": "https://github.com/JoshuaHavilandCurtis/joshuacurtis.dev.git",
    "author": "Joshuacurtis",
    "license": "MIT",
  }

yarn manifest: 
  No manifest

Lockfile: 
  # THIS IS AN AUTOGENERATED FILE. DO NOT EDIT THIS FILE DIRECTLY.
  # yarn lockfile v1
